Crashlog created at 2015-08-18 14:42:15 +0200

===== MESSAGE:

Sass::SyntaxError: Invalid CSS after "0": expected expression (e.g. 1px, bold), was ";"

===== COMPILATION STACK:

  - [item]   /stylesheet/ (rep default)

===== STACK TRACE:

  0. content/stylesheet.css:2
  1. /Users/hester/.rbenv/versions/2.1.5/lib/ruby/gems/2.1.0/gems/sass-3.4.16/lib/sass/scss/parser.rb:1162:in `expected'
  2. /Users/hester/.rbenv/versions/2.1.5/lib/ruby/gems/2.1.0/gems/sass-3.4.16/lib/sass/script/lexer.rb:221:in `expected!'
  3. /Users/hester/.rbenv/versions/2.1.5/lib/ruby/gems/2.1.0/gems/sass-3.4.16/lib/sass/script/parser.rb:602:in `assert_done'
  4. /Users/hester/.rbenv/versions/2.1.5/lib/ruby/gems/2.1.0/gems/sass-3.4.16/lib/sass/script/parser.rb:63:in `parse'
  5. /Users/hester/.rbenv/versions/2.1.5/lib/ruby/gems/2.1.0/gems/sass-3.4.16/lib/sass/script/parser.rb:183:in `parse'
  6. /Users/hester/.rbenv/versions/2.1.5/lib/ruby/gems/2.1.0/gems/sass-3.4.16/lib/sass/script.rb:27:in `parse'
  7. /Users/hester/.rbenv/versions/2.1.5/lib/ruby/gems/2.1.0/gems/sass-3.4.16/lib/sass/engine.rb:1130:in `parse_script'
  8. /Users/hester/.rbenv/versions/2.1.5/lib/ruby/gems/2.1.0/gems/sass-3.4.16/lib/sass/engine.rb:720:in `parse_property'
  9. /Users/hester/.rbenv/versions/2.1.5/lib/ruby/gems/2.1.0/gems/sass-3.4.16/lib/sass/engine.rb:691:in `parse_property_or_rule'
  10. /Users/hester/.rbenv/versions/2.1.5/lib/ruby/gems/2.1.0/gems/sass-3.4.16/lib/sass/engine.rb:657:in `parse_line'
  11. /Users/hester/.rbenv/versions/2.1.5/lib/ruby/gems/2.1.0/gems/sass-3.4.16/lib/sass/engine.rb:535:in `build_tree'
  12. /Users/hester/.rbenv/versions/2.1.5/lib/ruby/gems/2.1.0/gems/sass-3.4.16/lib/sass/engine.rb:554:in `block in append_children'
  13. /Users/hester/.rbenv/versions/2.1.5/lib/ruby/gems/2.1.0/gems/sass-3.4.16/lib/sass/engine.rb:553:in `each'
  14. /Users/hester/.rbenv/versions/2.1.5/lib/ruby/gems/2.1.0/gems/sass-3.4.16/lib/sass/engine.rb:553:in `append_children'
  15. /Users/hester/.rbenv/versions/2.1.5/lib/ruby/gems/2.1.0/gems/sass-3.4.16/lib/sass/engine.rb:544:in `block in build_tree'
  16. /Users/hester/.rbenv/versions/2.1.5/lib/ruby/gems/2.1.0/gems/sass-3.4.16/lib/sass/engine.rb:537:in `each'
  17. /Users/hester/.rbenv/versions/2.1.5/lib/ruby/gems/2.1.0/gems/sass-3.4.16/lib/sass/engine.rb:537:in `build_tree'
  18. /Users/hester/.rbenv/versions/2.1.5/lib/ruby/gems/2.1.0/gems/sass-3.4.16/lib/sass/engine.rb:554:in `block in append_children'
  19. /Users/hester/.rbenv/versions/2.1.5/lib/ruby/gems/2.1.0/gems/sass-3.4.16/lib/sass/engine.rb:553:in `each'
  20. /Users/hester/.rbenv/versions/2.1.5/lib/ruby/gems/2.1.0/gems/sass-3.4.16/lib/sass/engine.rb:553:in `append_children'
  21. /Users/hester/.rbenv/versions/2.1.5/lib/ruby/gems/2.1.0/gems/sass-3.4.16/lib/sass/engine.rb:406:in `_to_tree'
  22. /Users/hester/.rbenv/versions/2.1.5/lib/ruby/gems/2.1.0/gems/sass-3.4.16/lib/sass/engine.rb:278:in `render'
  23. /Users/hester/.rbenv/versions/2.1.5/lib/ruby/gems/2.1.0/gems/nanoc-3.8.0/lib/nanoc/filters/sass.rb:19:in `run'
  24. /Users/hester/.rbenv/versions/2.1.5/lib/ruby/gems/2.1.0/gems/nanoc-3.8.0/lib/nanoc/base/compilation/filter.rb:117:in `setup_and_run'
  25. /Users/hester/.rbenv/versions/2.1.5/lib/ruby/gems/2.1.0/gems/nanoc-3.8.0/lib/nanoc/base/result_data/item_rep.rb:343:in `filter'
  26. /Users/hester/.rbenv/versions/2.1.5/lib/ruby/gems/2.1.0/gems/nanoc-3.8.0/lib/nanoc/base/compilation/item_rep_proxy.rb:45:in `filter'
  27. /Users/hester/.rbenv/versions/2.1.5/lib/ruby/gems/2.1.0/gems/nanoc-3.8.0/lib/nanoc/base/compilation/rule_context.rb:59:in `filter'
  28. /Users/hester/roqua/nanocroqua/Rules:18:in `block in parse'
  29. /Users/hester/.rbenv/versions/2.1.5/lib/ruby/gems/2.1.0/gems/nanoc-3.8.0/lib/nanoc/base/compilation/rule.rb:69:in `instance_exec'
  30. /Users/hester/.rbenv/versions/2.1.5/lib/ruby/gems/2.1.0/gems/nanoc-3.8.0/lib/nanoc/base/compilation/rule.rb:69:in `apply_to'
  31. /Users/hester/.rbenv/versions/2.1.5/lib/ruby/gems/2.1.0/gems/nanoc-3.8.0/lib/nanoc/base/compilation/compiler.rb:385:in `compile_rep'
  32. /Users/hester/.rbenv/versions/2.1.5/lib/ruby/gems/2.1.0/gems/nanoc-3.8.0/lib/nanoc/base/compilation/compiler.rb:341:in `block in compile_reps'
  33. /Users/hester/.rbenv/versions/2.1.5/lib/ruby/gems/2.1.0/gems/nanoc-3.8.0/lib/nanoc/base/compilation/compiler.rb:334:in `loop'
  34. /Users/hester/.rbenv/versions/2.1.5/lib/ruby/gems/2.1.0/gems/nanoc-3.8.0/lib/nanoc/base/compilation/compiler.rb:334:in `compile_reps'
  35. /Users/hester/.rbenv/versions/2.1.5/lib/ruby/gems/2.1.0/gems/nanoc-3.8.0/lib/nanoc/base/compilation/compiler.rb:87:in `run'
  36. /Users/hester/.rbenv/versions/2.1.5/lib/ruby/gems/2.1.0/gems/nanoc-3.8.0/lib/nanoc/base/source_data/site.rb:58:in `compile'
  37. /Users/hester/.rbenv/versions/2.1.5/lib/ruby/gems/2.1.0/gems/nanoc-3.8.0/lib/nanoc/cli/commands/compile.rb:383:in `block in run'
  38. /Users/hester/.rbenv/versions/2.1.5/lib/ruby/gems/2.1.0/gems/nanoc-3.8.0/lib/nanoc/cli/commands/compile.rb:425:in `run_listeners_while'
  39. /Users/hester/.rbenv/versions/2.1.5/lib/ruby/gems/2.1.0/gems/nanoc-3.8.0/lib/nanoc/cli/commands/compile.rb:382:in `run'
  40. /Users/hester/.rbenv/versions/2.1.5/lib/ruby/gems/2.1.0/gems/nanoc-3.8.0/lib/nanoc/cli/command_runner.rb:12:in `block in call'
  41. /Users/hester/.rbenv/versions/2.1.5/lib/ruby/gems/2.1.0/gems/nanoc-3.8.0/lib/nanoc/cli/error_handler.rb:72:in `handle_while'
  42. /Users/hester/.rbenv/versions/2.1.5/lib/ruby/gems/2.1.0/gems/nanoc-3.8.0/lib/nanoc/cli/error_handler.rb:24:in `handle_while'
  43. /Users/hester/.rbenv/versions/2.1.5/lib/ruby/gems/2.1.0/gems/nanoc-3.8.0/lib/nanoc/cli/command_runner.rb:11:in `call'
  44. /Users/hester/.rbenv/versions/2.1.5/lib/ruby/gems/2.1.0/gems/cri-2.7.0/lib/cri/command_dsl.rb:233:in `block in runner'
  45. /Users/hester/.rbenv/versions/2.1.5/lib/ruby/gems/2.1.0/gems/cri-2.7.0/lib/cri/command.rb:294:in `call'
  46. /Users/hester/.rbenv/versions/2.1.5/lib/ruby/gems/2.1.0/gems/cri-2.7.0/lib/cri/command.rb:294:in `run_this'
  47. /Users/hester/.rbenv/versions/2.1.5/lib/ruby/gems/2.1.0/gems/cri-2.7.0/lib/cri/command.rb:247:in `run'
  48. /Users/hester/.rbenv/versions/2.1.5/lib/ruby/gems/2.1.0/gems/nanoc-3.8.0/lib/nanoc/cli/commands/nanoc.rb:39:in `block in define'
  49. /Users/hester/.rbenv/versions/2.1.5/lib/ruby/gems/2.1.0/gems/cri-2.7.0/lib/cri/command.rb:294:in `call'
  50. /Users/hester/.rbenv/versions/2.1.5/lib/ruby/gems/2.1.0/gems/cri-2.7.0/lib/cri/command.rb:294:in `run_this'
  51. /Users/hester/.rbenv/versions/2.1.5/lib/ruby/gems/2.1.0/gems/cri-2.7.0/lib/cri/command.rb:247:in `run'
  52. /Users/hester/.rbenv/versions/2.1.5/lib/ruby/gems/2.1.0/gems/nanoc-3.8.0/lib/nanoc/cli.rb:58:in `block in run'
  53. /Users/hester/.rbenv/versions/2.1.5/lib/ruby/gems/2.1.0/gems/nanoc-3.8.0/lib/nanoc/cli/error_handler.rb:72:in `handle_while'
  54. /Users/hester/.rbenv/versions/2.1.5/lib/ruby/gems/2.1.0/gems/nanoc-3.8.0/lib/nanoc/cli/error_handler.rb:24:in `handle_while'
  55. /Users/hester/.rbenv/versions/2.1.5/lib/ruby/gems/2.1.0/gems/nanoc-3.8.0/lib/nanoc/cli.rb:56:in `run'
  56. /Users/hester/.rbenv/versions/2.1.5/lib/ruby/gems/2.1.0/gems/nanoc-3.8.0/bin/nanoc:25:in `<top (required)>'
  57. /Users/hester/.rbenv/versions/2.1.5/bin/nanoc:23:in `load'

===== VERSION INFORMATION:

nanoc 3.8.0 © 2007-2015 Denis Defreyne.
Running ruby 2.1.5 (2014-11-13) on x86_64-darwin14.0 with RubyGems 2.2.2.

===== SYSTEM INFORMATION:

Darwin hester.rgoc.rug.nl 14.3.0 Darwin Kernel Version 14.3.0: Mon Mar 23 11:59:05 PDT 2015; root:xnu-2782.20.48~5/RELEASE_X86_64 x86_64

===== INSTALLED GEMS:

  adsf 1.2.0
  bundler 1.9.6
  coderay 1.1.0
  colored 1.2
  cri 2.7.0
  ffi 1.9.10
  formatador 0.2.5
  guard 2.13.0
  guard-bundler 2.0.0
  listen 3.0.3
  lumberjack 1.0.9
  method_source 0.8.2
  nanoc 3.8.0
  nenv 0.2.0
  notiffany 0.0.7
  pry 0.10.1
  rack 1.6.4
  rb-fsevent 0.9.5
  rb-inotify 0.9.5
  sass 3.4.16
  shellany 0.0.1
  slop 3.6.0
  thor 0.19.1

===== ENVIRONMENT:

Apple_PubSub_Socket_Render => "/private/tmp/com.apple.launchd.qvaX8akqsC/Render"
BUNDLE_BIN_PATH => "/Users/hester/.rbenv/versions/2.1.5/lib/ruby/gems/2.1.0/gems/bundler-1.9.6/bin/bundle"
BUNDLE_GEMFILE => "/Users/hester/roqua/nanocroqua/Gemfile"
GEM_HOME => "/Users/hester/.rbenv/versions/2.1.5/lib/ruby/gems/2.1.0"
GEM_PATH => "/Users/hester/.rbenv/versions/2.1.5/lib/ruby/gems/2.1.0:/Users/hester/.gem/ruby/2.1.0"
HOME => "/Users/hester"
LC_CTYPE => "UTF-8"
LESS => "-R"
LOGNAME => "hester"
LSCOLORS => "Gxfxcxdxbxegedabagacad"
PAGER => "less"
PATH => "/Users/hester/.rbenv/versions/2.1.5/lib/ruby/gems/2.1.0/bin:/Users/hester/.rbenv/versions/2.1.5/bin:/Users/hester/.rbenv/libexec:/Users/hester/.rbenv/plugins/ruby-build/bin:/Users/hester/.rbenv/shims:/Users/hester/bin:/Users/hester/.rbenv/bin:/usr/local/bin:/usr/bin:/bin:/usr/sbin:/sbin"
PWD => "/Users/hester/roqua/nanocroqua"
RBENV_DIR => "/Users/hester/roqua/nanocroqua"
RBENV_HOOK_PATH => ":/Users/hester/.rbenv/rbenv.d:/usr/local/etc/rbenv.d:/etc/rbenv.d:/usr/lib/rbenv/hooks"
RBENV_ROOT => "/Users/hester/.rbenv"
RBENV_VERSION => "2.1.5"
RUBYLIB => "/Users/hester/.rbenv/versions/2.1.5/lib/ruby/gems/2.1.0/gems/bundler-1.9.6/lib:/Users/hester/.rbenv/rbenv.d/exec/gem-rehash"
RUBYOPT => "-rbundler/setup"
SHELL => "/bin/zsh"
SHLVL => "1"
SSH_AUTH_SOCK => "/private/tmp/com.apple.launchd.chfxH2UGPy/Listeners"
TERM => "xterm-256color"
TERM_PROGRAM => "Apple_Terminal"
TERM_PROGRAM_VERSION => "343.7"
TERM_SESSION_ID => "7BD7BF6F-8018-45B1-9B8B-866A477D19FB"
TMPDIR => "/var/folders/6d/z9pm3pgd0vlb9p3fs6ptchqw0000gn/T/"
USER => "hester"
XPC_FLAGS => "0x0"
XPC_SERVICE_NAME => "0"
ZSH => "/Users/hester/.oh-my-zsh"
__CF_USER_TEXT_ENCODING => "0x1F5:0x0:0x0"

===== GEMFILE.LOCK:

GEM
  remote: https://rubygems.org/
  specs:
    adsf (1.2.0)
      rack (>= 1.0.0)
    coderay (1.1.0)
    colored (1.2)
    cri (2.7.0)
      colored (~> 1.2)
    ffi (1.9.10)
    formatador (0.2.5)
    guard (2.13.0)
      formatador (>= 0.2.4)
      listen (>= 2.7, <= 4.0)
      lumberjack (~> 1.0)
      nenv (~> 0.1)
      notiffany (~> 0.0)
      pry (>= 0.9.12)
      shellany (~> 0.0)
      thor (>= 0.18.1)
    guard-bundler (2.0.0)
      bundler (~> 1.0)
      guard (~> 2.2)
    listen (3.0.3)
      rb-fsevent (>= 0.9.3)
      rb-inotify (>= 0.9)
    lumberjack (1.0.9)
    method_source (0.8.2)
    nanoc (3.8.0)
      cri (~> 2.3)
    nenv (0.2.0)
    notiffany (0.0.7)
      nenv (~> 0.1)
      shellany (~> 0.0)
    pry (0.10.1)
      coderay (~> 1.1.0)
      method_source (~> 0.8.1)
      slop (~> 3.4)
    rack (1.6.4)
    rb-fsevent (0.9.5)
    rb-inotify (0.9.5)
      ffi (>= 0.5.0)
    sass (3.4.16)
    shellany (0.0.1)
    slop (3.6.0)
    thor (0.19.1)

PLATFORMS
  ruby

DEPENDENCIES
  adsf
  guard-bundler
  nanoc
  sass

===== LOAD PATHS:

  0. /Users/hester/.rbenv/versions/2.1.5/lib/ruby/gems/2.1.0/gems/nanoc-3.8.0/lib
  1. /Users/hester/.rbenv/versions/2.1.5/lib/ruby/gems/2.1.0/gems/sass-3.4.16/lib
  2. /Users/hester/.rbenv/versions/2.1.5/lib/ruby/gems/2.1.0/gems/nanoc-3.8.0/lib
  3. /Users/hester/.rbenv/versions/2.1.5/lib/ruby/gems/2.1.0/gems/guard-bundler-2.0.0/lib
  4. /Users/hester/.rbenv/versions/2.1.5/lib/ruby/gems/2.1.0/gems/guard-2.13.0/lib
  5. /Users/hester/.rbenv/versions/2.1.5/lib/ruby/gems/2.1.0/gems/thor-0.19.1/lib
  6. /Users/hester/.rbenv/versions/2.1.5/lib/ruby/gems/2.1.0/gems/pry-0.10.1/lib
  7. /Users/hester/.rbenv/versions/2.1.5/lib/ruby/gems/2.1.0/gems/slop-3.6.0/lib
  8. /Users/hester/.rbenv/versions/2.1.5/lib/ruby/gems/2.1.0/gems/method_source-0.8.2/lib
  9. /Users/hester/.rbenv/versions/2.1.5/lib/ruby/gems/2.1.0/gems/notiffany-0.0.7/lib
  10. /Users/hester/.rbenv/versions/2.1.5/lib/ruby/gems/2.1.0/gems/shellany-0.0.1/lib
  11. /Users/hester/.rbenv/versions/2.1.5/lib/ruby/gems/2.1.0/gems/nenv-0.2.0/lib
  12. /Users/hester/.rbenv/versions/2.1.5/lib/ruby/gems/2.1.0/gems/lumberjack-1.0.9/lib
  13. /Users/hester/.rbenv/versions/2.1.5/lib/ruby/gems/2.1.0/gems/listen-3.0.3/lib
  14. /Users/hester/.rbenv/versions/2.1.5/lib/ruby/gems/2.1.0/gems/rb-inotify-0.9.5/lib
  15. /Users/hester/.rbenv/versions/2.1.5/lib/ruby/gems/2.1.0/gems/rb-fsevent-0.9.5/lib
  16. /Users/hester/.rbenv/versions/2.1.5/lib/ruby/gems/2.1.0/gems/formatador-0.2.5/lib
  17. /Users/hester/.rbenv/versions/2.1.5/lib/ruby/gems/2.1.0/extensions/x86_64-darwin-14/2.1.0-static/ffi-1.9.10
  18. /Users/hester/.rbenv/versions/2.1.5/lib/ruby/gems/2.1.0/gems/ffi-1.9.10/lib
  19. /Users/hester/.rbenv/versions/2.1.5/lib/ruby/gems/2.1.0/gems/cri-2.7.0/lib
  20. /Users/hester/.rbenv/versions/2.1.5/lib/ruby/gems/2.1.0/gems/colored-1.2/lib
  21. /Users/hester/.rbenv/versions/2.1.5/lib/ruby/gems/2.1.0/gems/coderay-1.1.0/lib
  22. /Users/hester/.rbenv/versions/2.1.5/lib/ruby/gems/2.1.0/gems/adsf-1.2.0/lib
  23. /Users/hester/.rbenv/versions/2.1.5/lib/ruby/gems/2.1.0/gems/rack-1.6.4/lib
  24. /Users/hester/.rbenv/versions/2.1.5/lib/ruby/gems/2.1.0/gems/bundler-1.9.6/lib
  25. /Users/hester/.rbenv/rbenv.d/exec/gem-rehash
  26. /Users/hester/.rbenv/versions/2.1.5/lib/ruby/site_ruby/2.1.0
  27. /Users/hester/.rbenv/versions/2.1.5/lib/ruby/site_ruby/2.1.0/x86_64-darwin14.0
  28. /Users/hester/.rbenv/versions/2.1.5/lib/ruby/site_ruby
  29. /Users/hester/.rbenv/versions/2.1.5/lib/ruby/vendor_ruby/2.1.0
  30. /Users/hester/.rbenv/versions/2.1.5/lib/ruby/vendor_ruby/2.1.0/x86_64-darwin14.0
  31. /Users/hester/.rbenv/versions/2.1.5/lib/ruby/vendor_ruby
  32. /Users/hester/.rbenv/versions/2.1.5/lib/ruby/2.1.0
  33. /Users/hester/.rbenv/versions/2.1.5/lib/ruby/2.1.0/x86_64-darwin14.0
